[handleMsg]:  {
  key: {
    remoteJid: '5218713917968@s.whatsapp.net',
    fromMe: false,
    id: '3EB0F8EFDBDB89AB1B69EB',
    participant: undefined
  },
  messageTimestamp: 1732734645,
  pushName: 'Hiram Matuk',
  broadcast: false,
  message: Message {
    conversation: 'A',
    messageContextInfo: MessageContextInfo {
      deviceListMetadata: [DeviceListMetadata],
      deviceListMetadataVersion: 2,
      messageSecret: [Uint8Array]
    }
  },
  body: 'A',
  from: '5218713917968'
}
[QUEUE_SE_ENVIO]:  {
  ref: 'ans_9040a052-60ee-4fcf-b9d3-d770ced2b836',
  keyword: 'key_6b7e0db1-761a-47cb-939d-0b2a067b171a',
  answer: '¡Hola! Esto es una Prueba.',
  options: {
    media: 'C:\\Users\\jonathan\\Documents\\chatbot_1.1\\chatBot-IMDLM\\logos/CJEM1.JPG',
    buttons: [],
    capture: false,
    child: null,
    delay: 1000,
    idle: null,
    ref: null,
    nested: [],
    keyword: {},
    callback: false
  },
  refSerialize: '890ca01cab7596ccf86debe345108092'
}
